run: 1
warm
2796202
work_load_factor: 0.5
Thread: 
106.708, 0.749828 MB
106.302, 1.499989 MB
106.152, 2.999943 MB
106.242, 5.999989 MB
106.229, 11.999966 MB
106.137, 23.999897 MB
106.142, 47.999966 MB
106.211, 95.999828 MB
107.182, 191.999966 MB
----------------------------------------
----------------------------------------
----------------------------------------
Warp: 
107.751, 0.749878 MB
108.102, 1.499146 MB
108.057, 2.999390 MB
108.138, 5.998413 MB
108.147, 11.999390 MB
108.114, 23.998657 MB
108.025, 47.999146 MB
108.007, 95.999878 MB
107.888, 191.998657 MB
----------------------------------------
----------------------------------------
SF_Sub_Warp: times: 8, sub_warp_m: 8
101.489, 0.749847 MB
101.892, 1.499603 MB
100.403, 2.999847 MB
100.356, 5.999664 MB
101.045, 11.999786 MB
100.563, 23.999969 MB
102.44, 47.999664 MB
106.652, 95.999786 MB
100.661, 191.999786 MB
----------------------------------------
warm
2796202
work_load_factor: 1
Thread: 
127.887, 0.374783 MB
127.316, 0.749828 MB
127.322, 1.499989 MB
127.147, 2.999943 MB
127.101, 5.999989 MB
127.119, 11.999966 MB
127.146, 23.999897 MB
127.066, 47.999966 MB
127.065, 95.999828 MB
----------------------------------------
----------------------------------------
----------------------------------------
Warp: 
130.365, 0.374390 MB
129.822, 0.749878 MB
130.354, 1.499146 MB
130.132, 2.999390 MB
130.303, 5.998413 MB
130.189, 11.999390 MB
130.126, 23.998657 MB
130.39, 47.999146 MB
130.181, 95.999878 MB
----------------------------------------
----------------------------------------
SF_Sub_Warp: times: 8, sub_warp_m: 8
101.422, 0.374786 MB
101.77, 0.749847 MB
103.748, 1.499603 MB
102.483, 2.999847 MB
102.848, 5.999664 MB
101.977, 11.999786 MB
103.728, 23.999969 MB
101.466, 47.999664 MB
101.77, 95.999786 MB
----------------------------------------