run: 1
warm
seed: 
2706315219, 2269860880, 1113527874, 
work_load_factor: 0.5
Thread: 
seed: 
666875310, 525464149, 4097379770, 
105.994, 0.749828 MB
seed: 
2705599641, 1094405834, 1579124532, 
106.177, 1.499989 MB
seed: 
3516389516, 2826081326, 3124474081, 
106.38, 2.999943 MB
seed: 
1840242795, 4081718099, 1498786910, 
106.118, 5.999989 MB
seed: 
84462185, 2140265769, 2776251352, 
106.137, 11.999966 MB
seed: 
657354571, 3671407644, 3702283856, 
106.142, 23.999897 MB
seed: 
3495953876, 3073278139, 4046597930, 
106.141, 47.999966 MB
seed: 
748296792, 4067993166, 2939247748, 
106.253, 95.999828 MB
seed: 
3668418038, 3939669039, 1154725863, 
106.096, 191.999966 MB
----------------------------------------
----------------------------------------
----------------------------------------
Warp: 
seed: 
1998724892, 
107.422, 0.749878 MB
seed: 
98827752, 
108.221, 1.499146 MB
seed: 
4091474693, 
108.114, 2.999390 MB
seed: 
3205114895, 
107.893, 5.998413 MB
seed: 
2500861322, 
108.083, 11.999390 MB
seed: 
4037725471, 
108.026, 23.998657 MB
seed: 
866448536, 
108.117, 47.999146 MB
seed: 
2073018683, 
107.962, 95.999878 MB
seed: 
732892143, 
107.933, 191.998657 MB
----------------------------------------
----------------------------------------
SF_Sub_Warp: times: 8, sub_warp_m: 8
seed: 
2786425393, 2475427001, 3334932920, 2220860075, 
100.677, 0.749847 MB
seed: 
370449690, 1805865406, 2554433713, 4114163185, 
100.491, 1.499603 MB
seed: 
888953086, 1493535880, 663305276, 1865588648, 
102.426, 2.999847 MB
seed: 
3264367117, 835375772, 2219324046, 677145231, 
100.564, 5.999664 MB
seed: 
4160606470, 3284543041, 1730242136, 3267498229, 
100.776, 11.999786 MB
seed: 
4157336533, 1652006369, 1667914720, 2931450424, 
100.592, 23.999969 MB
seed: 
4200144383, 3906561893, 1677481636, 2255330082, 
100.439, 47.999664 MB
seed: 
1397074557, 212329934, 516249228, 3396754611, 
100.581, 95.999786 MB
seed: 
1132966952, 1944299046, 2032671857, 2342136519, 
102.109, 191.999786 MB
----------------------------------------
warm
seed: 
2942337447, 3626037104, 1218851878, 
work_load_factor: 1
Thread: 
seed: 
228200862, 3347869376, 3957425715, 
127.594, 0.374783 MB
seed: 
909515109, 1547585706, 471897512, 
126.959, 0.749828 MB
seed: 
2058885450, 2433415710, 4025982392, 
127.121, 1.499989 MB
seed: 
1440819909, 4171482826, 2879307841, 
127.184, 2.999943 MB
seed: 
4123068056, 3396292795, 2732479076, 
127.117, 5.999989 MB
seed: 
4157658128, 2456968129, 769768379, 
126.997, 11.999966 MB
seed: 
4200930054, 1243070286, 797117066, 
127.194, 23.999897 MB
seed: 
3764131375, 3176843065, 385676664, 
127.074, 47.999966 MB
seed: 
2836815397, 2811223125, 2696532102, 
126.989, 95.999828 MB
----------------------------------------
----------------------------------------
----------------------------------------
Warp: 
seed: 
1042948051, 
129.755, 0.374390 MB
seed: 
3815576232, 
130.771, 0.749878 MB
seed: 
387522691, 
130.399, 1.499146 MB
seed: 
2373038107, 
130.294, 2.999390 MB
seed: 
1945113491, 
130.704, 5.998413 MB
seed: 
630442137, 
130.317, 11.999390 MB
seed: 
543809405, 
130.225, 23.998657 MB
seed: 
655307403, 
130.232, 47.999146 MB
seed: 
3943559398, 
130.182, 95.999878 MB
----------------------------------------
----------------------------------------
SF_Sub_Warp: times: 8, sub_warp_m: 8
seed: 
1287004956, 2666171795, 3984726870, 135427383, 
103.052, 0.374786 MB
seed: 
2317129471, 35460090, 3878264429, 973928616, 
101.511, 0.749847 MB
seed: 
2057235879, 646399353, 3282820164, 2954688490, 
102.106, 1.499603 MB
seed: 
3775726269, 407693976, 1882904143, 549377845, 
102.787, 2.999847 MB
seed: 
3406250989, 2330170669, 4099076255, 1242702793, 
101.619, 5.999664 MB
seed: 
2042447841, 2818316826, 1525242756, 1085825718, 
102.942, 11.999786 MB
seed: 
546932671, 3879588214, 1519118091, 1328023508, 
101.573, 23.999969 MB
seed: 
3960922860, 2451657331, 3728581760, 1616822630, 
106.148, 47.999664 MB
seed: 
1173209476, 2021299248, 2700171294, 3762324428, 
110.077, 95.999786 MB
----------------------------------------
