e: 191
e: 382
e: 573
e: 764
e: 955
e: 1146
e: 1337
e: 1528
e: 1719
e: 1910
e: 2101
e: 2292
e: 2483
e: 2674
e: 2865
e: 3056
e: 3247
e: 3438
e: 3629
e: 3820
e: 4011
e: 4202
e: 4393
e: 4584
e: 4775
e: 4966
e: 5157
e: 5348
e: 5539
e: 5730
e: 5921
e: 6112
e: 6303
e: 6494
e: 6685
e: 6876
e: 7067
e: 7258
e: 7449
e: 7640
e: 7831
e: 8022
e: 8213
e: 8404
e: 8595
e: 8786
e: 8977
e: 9168
e: 9359
e: 9550
e: 9741
e: 9932
e: 10123
e: 10314
e: 10505
e: 10696
e: 10887
e: 11078
e: 11269
e: 11460
e: 11651
e: 11842
e: 12033
e: 12224
e: 12415
e: 12606
e: 12797
e: 12988
e: 13179
e: 13370
e: 13561
e: 13752
e: 13943
e: 14134
e: 14325
e: 14516
e: 14707
e: 14898
e: 15089
e: 15280
e: 15471
e: 15662
e: 15853
e: 16044
e: 16235
e: 16426
e: 16617
e: 16808
e: 16999
e: 17190
e: 17381
e: 17572
e: 17763
e: 17954
e: 18145
e: 18336
e: 18527
e: 18718
e: 18909
e: 19100
e: 19291
e: 19482
e: 19673
e: 19864
e: 20055
e: 20246
e: 20437
e: 20628
e: 20819
e: 21010
e: 21201
e: 21392
e: 21583
e: 21774
e: 21965
e: 22156
e: 22347
e: 22538
e: 22729
e: 22920
e: 23111
e: 23302
e: 23493
e: 23684
e: 23875
e: 24066
e: 24257
e: 24448
e: 24639
e: 24830
e: 25021
e: 25212
e: 25403
e: 25594
e: 25785
e: 25976
e: 26167
e: 26358
e: 26549
e: 26740
e: 26931
e: 27122
e: 27313
e: 27504
e: 27695
e: 27886
e: 28077
e: 28268
e: 28459
e: 28650
e: 28841
e: 29032
e: 29223
e: 29414
e: 29605
e: 29796
e: 29987
e: 30178
e: 30369
e: 30560
e: 30751
e: 30942
e: 31133
e: 31324
e: 31515
e: 31706
e: 31897
e: 32088
e: 32279
e: 32470
e: 32661
e: 32852
e: 33043
e: 33234
e: 33425
e: 33616
e: 33807
e: 33998
e: 34189
e: 34380
e: 34571
e: 34762
e: 34953
e: 35144
e: 35335
e: 35526
e: 35717
e: 35908
e: 36099
e: 36290
e: 36481
e: 36672
e: 36863
e: 37054
e: 37245
e: 37436
e: 37627
e: 37818
e: 38009
e: 38200
e: 38391
e: 38582
e: 38773
e: 38964
e: 39155
e: 39346
e: 39537
e: 39728
e: 39919
e: 40110
e: 40301
e: 40492
e: 40683
e: 40874
e: 41065
e: 41256
e: 41447
e: 41638
e: 41829
e: 42020
e: 42211
e: 42402
e: 42593
e: 42784
e: 42975
e: 43166
e: 43357
e: 43548
e: 43739
e: 43930
e: 44121
e: 44312
e: 44503
e: 44694
e: 44885
e: 45076
e: 45267
e: 45458
e: 45649
e: 45840
e: 46031
e: 46222
e: 46413
e: 46604
e: 46795
e: 46986
e: 47177
e: 47368
e: 47559
e: 47750
e: 47941
e: 48132
e: 48323
e: 48514
e: 48705
e: 48896
e: 49087
e: 49278
e: 49469
e: 49660
e: 49851
e: 50042
e: 50233
e: 50424
e: 50615
e: 50806
e: 50997
e: 51188
e: 51379
e: 51570
e: 51761
e: 51952
e: 52143
e: 52334
e: 52525
e: 52716
e: 52907
e: 53098
e: 53289
e: 53480
e: 53671
e: 53862
e: 54053
e: 54244
e: 54435
e: 54626
e: 54817
e: 55008
e: 55199
e: 55390
e: 55581
e: 55772
e: 55963
e: 56154
e: 56345
e: 56536
e: 56727
e: 56918
e: 57109
e: 57300
e: 57491
e: 57682
e: 57873
e: 58064
e: 58255
e: 58446
e: 58637
e: 58828
e: 59019
e: 59210
e: 59401
e: 59592
e: 59783
e: 59974
e: 60165
e: 60356
e: 60547
e: 60738
e: 60929
e: 61120
e: 61311
e: 61502
e: 61693
e: 61884
e: 62075
e: 62266
e: 62457
e: 62648
e: 62839
e: 63030
e: 63221
e: 63412
e: 63603
e: 63794
e: 63985
e: 64176
e: 64367
e: 64558
e: 64749
e: 64940
e: 65131
e: 65322
e: 65513
e: 65704
e: 65895
e: 66086
e: 66277
e: 66468
e: 66659
e: 66850
e: 67041
e: 67232
e: 67423
e: 67614
e: 67805
e: 67996
e: 68187
e: 68378
e: 68569
e: 68760
e: 68951
e: 69142
e: 69333
e: 69524
e: 69715
e: 69906
e: 70097
e: 70288
e: 70479
e: 70670
e: 70861
e: 71052
e: 71243
e: 71434
e: 71625
e: 71816
e: 72007
e: 72198
e: 72389
e: 72580
e: 72771
e: 72962
e: 73153
e: 73344
e: 73535
e: 73726
e: 73917
e: 74108
e: 74299
e: 74490
e: 74681
e: 74872
e: 75063
e: 75254
e: 75445
e: 75636
e: 75827
e: 76018
e: 76209
e: 76400
e: 76591
e: 76782
e: 76973
e: 77164
e: 77355
e: 77546
e: 77737
e: 77928
e: 78119
e: 78310
e: 78501
e: 78692
e: 78883
e: 79074
e: 79265
e: 79456
e: 79647
e: 79838
e: 80029
e: 80220
e: 80411
e: 80602
e: 80793
e: 80984
e: 81175
e: 81366
e: 81557
e: 81748
e: 81939
e: 82130
e: 82321
e: 82512
e: 82703
e: 82894
e: 83085
e: 83276
e: 83467
e: 83658
e: 83849
e: 84040
e: 84231
e: 84422
e: 84613
e: 84804
e: 84995
e: 85186
e: 85377
e: 85568
e: 85759
e: 85950
e: 86141
e: 86332
e: 86523
e: 86714
e: 86905
e: 87096
e: 87287
e: 87478
e: 87669
e: 87860
e: 88051
e: 88242
e: 88433
e: 88624
e: 88815
e: 89006
e: 89197
e: 89388
e: 89579
e: 89770
e: 89961
e: 90152
e: 90343
e: 90534
e: 90725
e: 90916
e: 91107
e: 91298
e: 91489
e: 91680
e: 91871
e: 92062
e: 92253
e: 92444
e: 92635
e: 92826
e: 93017
e: 93208
e: 93399
e: 93590
e: 93781
e: 93972
e: 94163
e: 94354
e: 94545
e: 94736
e: 94927
e: 95118
e: 95309
e: 95500
e: 95691
e: 95882
e: 96073
e: 96264
e: 96455
e: 96646
e: 96837
e: 97028
e: 97219
e: 97410
e: 97601
e: 97792
e: 97983
e: 98174
e: 98365
e: 98556
e: 98747
e: 98938
e: 99129
e: 99320
e: 99511
e: 99702
e: 99893
e: 100084
e: 100275
e: 100466
e: 100657
e: 100848
e: 101039
e: 101230
e: 101421
e: 101612
e: 101803
e: 101994
e: 102185
e: 102376
e: 102567
e: 102758
e: 102949
e: 103140
e: 103331
e: 103522
e: 103713
e: 103904
e: 104095
e: 104286
e: 104477
e: 104668
e: 104859
e: 105050
e: 105241
e: 105432
e: 105623
e: 105814
e: 106005
e: 106196
e: 106387
e: 106578
e: 106769
e: 106960
e: 107151
e: 107342
e: 107533
e: 107724
e: 107915
e: 108106
e: 108297
e: 108488
e: 108679
e: 108870
e: 109061
e: 109252
e: 109443
e: 109634
e: 109825
e: 110016
e: 110207
e: 110398
e: 110589
e: 110780
e: 110971
e: 111162
e: 111353
e: 111544
e: 111735
e: 111926
e: 112117
e: 112308
e: 112499
e: 112690
e: 112881
e: 113072
e: 113263
e: 113454
e: 113645
e: 113836
e: 114027
e: 114218
e: 114409
e: 114600
e: 114791
e: 114982
e: 115173
e: 115364
e: 115555
e: 115746
e: 115937
e: 116128
e: 116319
e: 116510
e: 116701
e: 116892
e: 117083
e: 117274
e: 117465
e: 117656
e: 117847
e: 118038
e: 118229
e: 118420
e: 118611
e: 118802
e: 118993
e: 119184
e: 119375
e: 119566
e: 119757
e: 119948
e: 120139
e: 120330
e: 120521
e: 120712
e: 120903
e: 121094
e: 121285
e: 121476
e: 121667
e: 121858
e: 122049
e: 122240
e: 122431
e: 122622
e: 122813
e: 123004
e: 123195
e: 123386
e: 123577
e: 123768
e: 123959
e: 124150
e: 124341
e: 124532
e: 124723
e: 124914
e: 125105
e: 125296
e: 125487
e: 125678
e: 125869
e: 126060
e: 126251
e: 126442
e: 126633
e: 126824
e: 127015
e: 127206
e: 127397
e: 127588
e: 127779
e: 127970
e: 128161
e: 128352
e: 128543
e: 128734
e: 128925
e: 129116
e: 129307
e: 129498
e: 129689
e: 129880
e: 130071
e: 130262
e: 130453
e: 130644
e: 130835
e: 131026
e: 131217
e: 131408
e: 131599
e: 131790
e: 131981
e: 132172
e: 132363
e: 132554
e: 132745
e: 132936
e: 133127
e: 133318
e: 133509
e: 133700
e: 133891
e: 134082
e: 134273
e: 134464
e: 134655
e: 134846
e: 135037
e: 135228
e: 135419
e: 135610
e: 135801
e: 135992
e: 136183
e: 136374
e: 136565
e: 136756
e: 136947
e: 137138
e: 137329
e: 137520
e: 137711
e: 137902
e: 138093
e: 138284
e: 138475
e: 138666
e: 138857
e: 139048
e: 139239
e: 139430
e: 139621
e: 139812
e: 140003
e: 140194
e: 140385
e: 140576
e: 140767
e: 140958
e: 141149
e: 141340
e: 141531
e: 141722
e: 141913
e: 142104
e: 142295
e: 142486
e: 142677
e: 142868
e: 143059
e: 143250
e: 143441
e: 143632
e: 143823
e: 144014
e: 144205
e: 144396
e: 144587
e: 144778
e: 144969
e: 145160
e: 145351
e: 145542
e: 145733
e: 145924
e: 146115
e: 146306
e: 146497
e: 146688
e: 146879
e: 147070
e: 147261
e: 147452
e: 147643
e: 147834
e: 148025
e: 148216
e: 148407
e: 148598
e: 148789
e: 148980
e: 149171
e: 149362
e: 149553
e: 149744
e: 149935
e: 150126
e: 150317
e: 150508
e: 150699
e: 150890
e: 151081
e: 151272
e: 151463
e: 151654
e: 151845
e: 152036
e: 152227
e: 152418
e: 152609
e: 152800
e: 152991
e: 153182
e: 153373
e: 153564
e: 153755
e: 153946
e: 154137
e: 154328
e: 154519
e: 154710
e: 154901
e: 155092
e: 155283
e: 155474
e: 155665
e: 155856
e: 156047
e: 156238
e: 156429
e: 156620
e: 156811
e: 157002
e: 157193
e: 157384
e: 157575
e: 157766
e: 157957
e: 158148
e: 158339
e: 158530
e: 158721
e: 158912
e: 159103
e: 159294
e: 159485
e: 159676
e: 159867
e: 160058
e: 160249
e: 160440
e: 160631
e: 160822
e: 161013
e: 161204
e: 161395
e: 161586
e: 161777
e: 161968
e: 162159
e: 162350
e: 162541
e: 162732
e: 162923
e: 163114
e: 163305
e: 163496
e: 163687
e: 163878
e: 164069
e: 164260
e: 164451
e: 164642
e: 164833
e: 165024
e: 165215
e: 165406
e: 165597
e: 165788
e: 165979
e: 166170
e: 166361
e: 166552
e: 166743
e: 166934
e: 167125
e: 167316
e: 167507
e: 167698
e: 167889
e: 168080
e: 168271
e: 168462
e: 168653
e: 168844
e: 169035
e: 169226
e: 169417
e: 169608
e: 169799
e: 169990
e: 170181
e: 170372
e: 170563
e: 170754
e: 170945
e: 171136
e: 171327
e: 171518
e: 171709
e: 171900
e: 172091
e: 172282
e: 172473
e: 172664
e: 172855
e: 173046
e: 173237
e: 173428
e: 173619
e: 173810
e: 174001
e: 174192
e: 174383
e: 174574
e: 174765
e: 174956
e: 175147
e: 175338
e: 175529
e: 175720
e: 175911
e: 176102
e: 176293
e: 176484
e: 176675
e: 176866
e: 177057
e: 177248
e: 177439
e: 177630
e: 177821
e: 178012
e: 178203
e: 178394
e: 178585
e: 178776
e: 178967
e: 179158
e: 179349
e: 179540
e: 179731
e: 179922
e: 180113
e: 180304
e: 180495
e: 180686
e: 180877
e: 181068
e: 181259
e: 181450
e: 181641
e: 181832
e: 182023
e: 182214
e: 182405
e: 182596
e: 182787
e: 182978
e: 183169
e: 183360
e: 183551
e: 183742
e: 183933
e: 184124
e: 184315
e: 184506
e: 184697
e: 184888
e: 185079
e: 185270
e: 185461
e: 185652
e: 185843
e: 186034
e: 186225
e: 186416
e: 186607
e: 186798
e: 186989
e: 187180
e: 187371
e: 187562
e: 187753
e: 187944
e: 188135
e: 188326
e: 188517
e: 188708
e: 188899
e: 189090
e: 189281
e: 189472
e: 189663
e: 189854
e: 190045
e: 190236
e: 190427
e: 190618
e: 190809
e: 191000
e: 191191
e: 191382
e: 191573
e: 191764
e: 191955
e: 192146
e: 192337
e: 192528
e: 192719
e: 192910
e: 193101
e: 193292
e: 193483
e: 193674
e: 193865
e: 194056
e: 194247
e: 194438
e: 194629
e: 194820
e: 195011
e: 195202
e: 195393
e: 195584
dht_search.table_total_sz: 196568
1572544,64,8
max: 4294967295	ave: 262144
